  archer.cpp
  character.cpp
C:\Users\Win11\Documents\GitHub\nagyhazi\RPG_game\character.cpp(79,12): warning C4244: '*=': conversion from 'double' to 'unsigned int', possible loss of data
C:\Users\Win11\Documents\GitHub\nagyhazi\RPG_game\character.cpp(184,14): warning C4244: '+=': conversion from 'double' to 'unsigned int', possible loss of data
  combat.cpp
C:\Users\Win11\Documents\GitHub\nagyhazi\RPG_game\combat.cpp(17,43): warning C4244: 'argument': conversion from 'double' to 'unsigned int', possible loss of data
  main.cpp
  warrior.cpp
C:\Users\Win11\Documents\GitHub\nagyhazi\RPG_game\warrior.cpp(22,9): warning C4244: '*=': conversion from 'double' to 'unsigned int', possible loss of data
C:\Users\Win11\Documents\GitHub\nagyhazi\RPG_game\warrior.cpp(23,16): warning C4244: '*=': conversion from 'double' to 'unsigned int', possible loss of data
C:\Users\Win11\Documents\GitHub\nagyhazi\RPG_game\warrior.cpp(34,22): warning C4244: '+=': conversion from 'double' to 'unsigned int', possible loss of data
C:\Users\Win11\Documents\GitHub\nagyhazi\RPG_game\warrior.cpp(45,13): warning C4018: '<': signed/unsigned mismatch
C:\Users\Win11\Documents\GitHub\nagyhazi\RPG_game\warrior.cpp(50,17): warning C4018: '>=': signed/unsigned mismatch
  wizard.cpp
C:\Users\Win11\Documents\GitHub\nagyhazi\RPG_game\wizard.cpp(21,11): warning C4018: '>=': signed/unsigned mismatch
C:\Users\Win11\Documents\GitHub\nagyhazi\RPG_game\wizard.cpp(33,9): warning C4244: '*=': conversion from 'double' to 'unsigned int', possible loss of data
C:\Users\Win11\Documents\GitHub\nagyhazi\RPG_game\wizard.cpp(34,14): warning C4244: '*=': conversion from 'double' to 'unsigned int', possible loss of data
C:\Users\Win11\Documents\GitHub\nagyhazi\RPG_game\wizard.cpp(45,18): warning C4244: '+=': conversion from 'double' to 'unsigned int', possible loss of data
  Generating Code...
  RPG_game.vcxproj -> C:\Users\Win11\Documents\GitHub\nagyhazi\x64\Debug\RPG_game.exe
