c:\visualstudio\nagyhazi\rpg_game\rpg_game\x64\debug\vc143.pdb
c:\visualstudio\nagyhazi\rpg_game\rpg_game\x64\debug\vc143.idb
c:\visualstudio\nagyhazi\rpg_game\rpg_game\x64\debug\wizard.obj
c:\visualstudio\nagyhazi\rpg_game\rpg_game\x64\debug\weapon.obj
c:\visualstudio\nagyhazi\rpg_game\rpg_game\x64\debug\warriror.obj
c:\visualstudio\nagyhazi\rpg_game\rpg_game\x64\debug\wand.obj
c:\visualstudio\nagyhazi\rpg_game\rpg_game\x64\debug\sword.obj
c:\visualstudio\nagyhazi\rpg_game\rpg_game\x64\debug\character.obj
c:\visualstudio\nagyhazi\rpg_game\rpg_game\x64\debug\melee.obj
c:\visualstudio\nagyhazi\rpg_game\rpg_game\x64\debug\main.obj
c:\visualstudio\nagyhazi\rpg_game\rpg_game\x64\debug\magic.obj
c:\visualstudio\nagyhazi\rpg_game\rpg_game\x64\debug\warrior.obj
c:\visualstudio\nagyhazi\rpg_game\rpg_game\x64\debug\upgradeable.obj
c:\visualstudio\nagyhazi\rpg_game\rpg_game\x64\debug\repairable.obj
c:\visualstudio\nagyhazi\rpg_game\x64\debug\rpg_game.exe
c:\visualstudio\nagyhazi\rpg_game\x64\debug\rpg_game.pdb
c:\visualstudio\nagyhazi\rpg_game\rpg_game\x64\debug\rpg_game.ilk
c:\visualstudio\nagyhazi\rpg_game\rpg_game\x64\debug\rpg_game.tlog\cl.command.1.tlog
c:\visualstudio\nagyhazi\rpg_game\rpg_game\x64\debug\rpg_game.tlog\cl.items.tlog
c:\visualstudio\nagyhazi\rpg_game\rpg_game\x64\debug\rpg_game.tlog\cl.read.1.tlog
c:\visualstudio\nagyhazi\rpg_game\rpg_game\x64\debug\rpg_game.tlog\cl.write.1.tlog
c:\visualstudio\nagyhazi\rpg_game\rpg_game\x64\debug\rpg_game.tlog\link.command.1.tlog
c:\visualstudio\nagyhazi\rpg_game\rpg_game\x64\debug\rpg_game.tlog\link.read.1.tlog
c:\visualstudio\nagyhazi\rpg_game\rpg_game\x64\debug\rpg_game.tlog\link.secondary.1.tlog
c:\visualstudio\nagyhazi\rpg_game\rpg_game\x64\debug\rpg_game.tlog\link.write.1.tlog
